<?xml version="1.0" encoding="UTF-8"?>
<!-- Generated by org.testng.reporters.JUnitXMLReporter -->
<testsuite ignored="1" hostname="LAPTOP-QT2UH10T" failures="0" tests="3" name="Test" time="93.913" errors="0" timestamp="2024-01-09T11:23:38 IST">
  <testcase classname="cOVSERFOX_Test.CF_TC55_LiSTNERfaIL_Parametric_Validate_search_results_for_healthcare_plocies" name="validateTestPlansFromTextAndBanners" time="5.634"/>
  <testcase classname="cOVSERFOX_Test.CF_TC57_ValidatingPincodeErrorMassage" name="ValidateerrorMsg" time="0.094"/>
  <testcase classname="cOVSERFOX_Test.CF_TC56_Parametric_Validate_search_results_for_SortplanText" name="validateSortPlansButton" time="5.066"/>
  <testcase classname="cOVSERFOX_Test.CF_TC56_Parametric_Validate_search_results_for_SortplanText" name="validateTestPlansFromTextAndBanners" time="0.0">
    <ignored/>
  </testcase> <!-- validateTestPlansFromTextAndBanners -->
</testsuite> <!-- Test -->
