<?xml version="1.0" encoding="UTF-8"?>
<!-- Generated by org.testng.reporters.JUnitXMLReporter -->
<testsuite ignored="1" hostname="LAPTOP-QT2UH10T" failures="0" tests="3" name="Test" time="92.36" errors="0" timestamp="2024-01-18T19:07:25 IST">
  <testcase classname="cOVSERFOX_Test.CF_TC55_LiSTNERfaIL_Parametric_Validate_search_results_for_healthcare_plocies" name="validateTestPlansFromTextAndBanners" time="5.617"/>
  <testcase classname="cOVSERFOX_Test.CF_TC57_ValidatingPincodeErrorMassage" name="ValidateerrorMsg" time="0.032"/>
  <testcase classname="cOVSERFOX_Test.CF_TC56_Parametric_Validate_search_results_for_SortplanText" name="validateSortPlansButton" time="5.041"/>
  <testcase classname="cOVSERFOX_Test.CF_TC56_Parametric_Validate_search_results_for_SortplanText" name="validateTestPlansFromTextAndBanners" time="0.0">
    <ignored/>
  </testcase> <!-- validateTestPlansFromTextAndBanners -->
</testsuite> <!-- Test -->
