<?xml version="1.0" encoding="UTF-8"?>
<testng-results ignored="0" total="3" passed="3" failed="0" skipped="0">
  <reporter-output>
    <line>
      <![CDATA[Launching CoverFox]]>
    </line>
    <line>
      <![CDATA[Clicking on Gender Button]]>
    </line>
    <line>
      <![CDATA[Clicking on next Button]]>
    </line>
    <line>
      <![CDATA[Reading Data from Excel]]>
    </line>
    <line>
      <![CDATA[Handling AgeDropDown ]]>
    </line>
    <line>
      <![CDATA[Clicking on next Button]]>
    </line>
    <line>
      <![CDATA[Reading Data from Excel]]>
    </line>
    <line>
      <![CDATA[Entering PinCode ]]>
    </line>
    <line>
      <![CDATA[Reading Data from Excel]]>
    </line>
    <line>
      <![CDATA[Entering MObile NO ]]>
    </line>
    <line>
      <![CDATA[Clicking on Continue Button]]>
    </line>
    <line>
      <![CDATA[Fetching No of Details from Text]]>
    </line>
    <line>
      <![CDATA[Fetching No of Details from Banner]]>
    </line>
    <line>
      <![CDATA[Tc is Passed]]>
    </line>
    <line>
      <![CDATA[Closing Browser]]>
    </line>
    <line>
      <![CDATA[Launching CoverFox]]>
    </line>
    <line>
      <![CDATA[Clicking on Gender Button]]>
    </line>
    <line>
      <![CDATA[Clicking on next Button]]>
    </line>
    <line>
      <![CDATA[Reading Data from Excel]]>
    </line>
    <line>
      <![CDATA[Handling AgeDropDown ]]>
    </line>
    <line>
      <![CDATA[Clicking on next Button]]>
    </line>
    <line>
      <![CDATA[Reading Data from Excel]]>
    </line>
    <line>
      <![CDATA[Entering MObile NO ]]>
    </line>
    <line>
      <![CDATA[Clicking on Continue Button]]>
    </line>
    <line>
      <![CDATA[Closing Browser]]>
    </line>
    <line>
      <![CDATA[Launching CoverFox]]>
    </line>
    <line>
      <![CDATA[Clicking on Gender Button]]>
    </line>
    <line>
      <![CDATA[Clicking on next Button]]>
    </line>
    <line>
      <![CDATA[Reading Data from Excel]]>
    </line>
    <line>
      <![CDATA[Handling AgeDropDown ]]>
    </line>
    <line>
      <![CDATA[Clicking on next Button]]>
    </line>
    <line>
      <![CDATA[Reading Data from Excel]]>
    </line>
    <line>
      <![CDATA[Entering PinCode ]]>
    </line>
    <line>
      <![CDATA[Reading Data from Excel]]>
    </line>
    <line>
      <![CDATA[Entering MObile NO ]]>
    </line>
    <line>
      <![CDATA[Clicking on Continue Button]]>
    </line>
    <line>
      <![CDATA[Validating sortPlanElementPresency]]>
    </line>
    <line>
      <![CDATA[Closing Browser]]>
    </line>
  </reporter-output>
  <suite started-at="2024-01-18T19:05:53 IST" name="Suite" finished-at="2024-01-18T19:07:25 IST" duration-ms="92360">
    <groups>
    </groups>
    <test started-at="2024-01-18T19:05:53 IST" name="Test" finished-at="2024-01-18T19:07:25 IST" duration-ms="92360">
      <class name="cOVSERFOX_Test.CF_TC56_Parametric_Validate_search_results_for_SortplanText">
        <test-method is-config="true" signature="launchBrowser()[pri:0, instance:cOVSERFOX_Test.CF_TC56_Parametric_Validate_search_results_for_SortplanText@223d2c72]" started-at="2024-01-18T19:06:50 IST" name="launchBrowser" finished-at="2024-01-18T19:06:57 IST" duration-ms="6467" status="PASS">
          <reporter-output>
            <line>
              <![CDATA[Launching CoverFox]]>
            </line>
          </reporter-output>
        </test-method> <!-- launchBrowser -->
        <test-method is-config="true" signature="enterMemberDetails()[pri:0, instance:cOVSERFOX_Test.CF_TC56_Parametric_Validate_search_results_for_SortplanText@223d2c72]" started-at="2024-01-18T19:06:57 IST" name="enterMemberDetails" finished-at="2024-01-18T19:07:05 IST" duration-ms="8240" status="PASS">
          <reporter-output>
            <line>
              <![CDATA[Clicking on Gender Button]]>
            </line>
            <line>
              <![CDATA[Clicking on next Button]]>
            </line>
            <line>
              <![CDATA[Reading Data from Excel]]>
            </line>
            <line>
              <![CDATA[Handling AgeDropDown ]]>
            </line>
            <line>
              <![CDATA[Clicking on next Button]]>
            </line>
            <line>
              <![CDATA[Reading Data from Excel]]>
            </line>
            <line>
              <![CDATA[Entering PinCode ]]>
            </line>
            <line>
              <![CDATA[Reading Data from Excel]]>
            </line>
            <line>
              <![CDATA[Entering MObile NO ]]>
            </line>
            <line>
              <![CDATA[Clicking on Continue Button]]>
            </line>
          </reporter-output>
        </test-method> <!-- enterMemberDetails -->
        <test-method signature="validateSortPlansButton()[pri:0, instance:cOVSERFOX_Test.CF_TC56_Parametric_Validate_search_results_for_SortplanText@223d2c72]" started-at="2024-01-18T19:07:05 IST" name="validateSortPlansButton" finished-at="2024-01-18T19:07:10 IST" duration-ms="5041" status="PASS">
          <reporter-output>
            <line>
              <![CDATA[Validating sortPlanElementPresency]]>
            </line>
          </reporter-output>
        </test-method> <!-- validateSortPlansButton -->
        <test-method is-config="true" signature="closeCoverFox()[pri:0, instance:cOVSERFOX_Test.CF_TC56_Parametric_Validate_search_results_for_SortplanText@223d2c72]" started-at="2024-01-18T19:07:10 IST" name="closeCoverFox" finished-at="2024-01-18T19:07:25 IST" duration-ms="15143" status="PASS">
          <reporter-output>
            <line>
              <![CDATA[Closing Browser]]>
            </line>
          </reporter-output>
        </test-method> <!-- closeCoverFox -->
      </class> <!-- cOVSERFOX_Test.CF_TC56_Parametric_Validate_search_results_for_SortplanText -->
      <class name="cOVSERFOX_Test.CF_TC55_LiSTNERfaIL_Parametric_Validate_search_results_for_healthcare_plocies">
        <test-method is-config="true" signature="launchBrowser()[pri:0, instance:cOVSERFOX_Test.CF_TC55_LiSTNERfaIL_Parametric_Validate_search_results_for_healthcare_plocies@3a93b025]" started-at="2024-01-18T19:05:53 IST" name="launchBrowser" finished-at="2024-01-18T19:05:58 IST" duration-ms="4938" status="PASS">
          <reporter-output>
            <line>
              <![CDATA[Launching CoverFox]]>
            </line>
          </reporter-output>
        </test-method> <!-- launchBrowser -->
        <test-method is-config="true" signature="enterMemberDetails()[pri:0, instance:cOVSERFOX_Test.CF_TC55_LiSTNERfaIL_Parametric_Validate_search_results_for_healthcare_plocies@3a93b025]" started-at="2024-01-18T19:05:58 IST" name="enterMemberDetails" finished-at="2024-01-18T19:06:07 IST" duration-ms="8999" status="PASS">
          <reporter-output>
            <line>
              <![CDATA[Clicking on Gender Button]]>
            </line>
            <line>
              <![CDATA[Clicking on next Button]]>
            </line>
            <line>
              <![CDATA[Reading Data from Excel]]>
            </line>
            <line>
              <![CDATA[Handling AgeDropDown ]]>
            </line>
            <line>
              <![CDATA[Clicking on next Button]]>
            </line>
            <line>
              <![CDATA[Reading Data from Excel]]>
            </line>
            <line>
              <![CDATA[Entering PinCode ]]>
            </line>
            <line>
              <![CDATA[Reading Data from Excel]]>
            </line>
            <line>
              <![CDATA[Entering MObile NO ]]>
            </line>
            <line>
              <![CDATA[Clicking on Continue Button]]>
            </line>
          </reporter-output>
        </test-method> <!-- enterMemberDetails -->
        <test-method signature="validateTestPlansFromTextAndBanners()[pri:0, instance:cOVSERFOX_Test.CF_TC55_LiSTNERfaIL_Parametric_Validate_search_results_for_healthcare_plocies@3a93b025]" started-at="2024-01-18T19:06:07 IST" name="validateTestPlansFromTextAndBanners" finished-at="2024-01-18T19:06:13 IST" duration-ms="5617" status="PASS">
          <reporter-output>
            <line>
              <![CDATA[Fetching No of Details from Text]]>
            </line>
            <line>
              <![CDATA[Fetching No of Details from Banner]]>
            </line>
            <line>
              <![CDATA[Tc is Passed]]>
            </line>
          </reporter-output>
        </test-method> <!-- validateTestPlansFromTextAndBanners -->
        <test-method is-config="true" signature="closeCoverFox()[pri:0, instance:cOVSERFOX_Test.CF_TC55_LiSTNERfaIL_Parametric_Validate_search_results_for_healthcare_plocies@3a93b025]" started-at="2024-01-18T19:06:13 IST" name="closeCoverFox" finished-at="2024-01-18T19:06:18 IST" duration-ms="5116" status="PASS">
          <reporter-output>
            <line>
              <![CDATA[Closing Browser]]>
            </line>
          </reporter-output>
        </test-method> <!-- closeCoverFox -->
      </class> <!-- cOVSERFOX_Test.CF_TC55_LiSTNERfaIL_Parametric_Validate_search_results_for_healthcare_plocies -->
      <class name="cOVSERFOX_Test.CF_TC57_ValidatingPincodeErrorMassage">
        <test-method is-config="true" signature="LaunchCoverfox()[pri:0, instance:cOVSERFOX_Test.CF_TC57_ValidatingPincodeErrorMassage@36902638]" started-at="2024-01-18T19:06:18 IST" name="LaunchCoverfox" finished-at="2024-01-18T19:06:23 IST" duration-ms="5559" status="PASS">
          <reporter-output>
            <line>
              <![CDATA[Launching CoverFox]]>
            </line>
          </reporter-output>
        </test-method> <!-- LaunchCoverfox -->
        <test-method is-config="true" signature="EnterMemberDetails()[pri:0, instance:cOVSERFOX_Test.CF_TC57_ValidatingPincodeErrorMassage@36902638]" started-at="2024-01-18T19:06:23 IST" name="EnterMemberDetails" finished-at="2024-01-18T19:06:35 IST" duration-ms="12018" status="PASS">
          <reporter-output>
            <line>
              <![CDATA[Clicking on Gender Button]]>
            </line>
            <line>
              <![CDATA[Clicking on next Button]]>
            </line>
            <line>
              <![CDATA[Reading Data from Excel]]>
            </line>
            <line>
              <![CDATA[Handling AgeDropDown ]]>
            </line>
            <line>
              <![CDATA[Clicking on next Button]]>
            </line>
            <line>
              <![CDATA[Reading Data from Excel]]>
            </line>
            <line>
              <![CDATA[Entering MObile NO ]]>
            </line>
            <line>
              <![CDATA[Clicking on Continue Button]]>
            </line>
          </reporter-output>
        </test-method> <!-- EnterMemberDetails -->
        <test-method signature="ValidateerrorMsg()[pri:0, instance:cOVSERFOX_Test.CF_TC57_ValidatingPincodeErrorMassage@36902638]" started-at="2024-01-18T19:06:35 IST" name="ValidateerrorMsg" finished-at="2024-01-18T19:06:35 IST" duration-ms="32" status="PASS">
          <reporter-output>
          </reporter-output>
        </test-method> <!-- ValidateerrorMsg -->
        <test-method is-config="true" signature="closeCoverFox()[pri:0, instance:cOVSERFOX_Test.CF_TC57_ValidatingPincodeErrorMassage@36902638]" started-at="2024-01-18T19:06:35 IST" name="closeCoverFox" finished-at="2024-01-18T19:06:50 IST" duration-ms="15153" status="PASS">
          <reporter-output>
            <line>
              <![CDATA[Closing Browser]]>
            </line>
          </reporter-output>
        </test-method> <!-- closeCoverFox -->
      </class> <!-- cOVSERFOX_Test.CF_TC57_ValidatingPincodeErrorMassage -->
    </test> <!-- Test -->
  </suite> <!-- Suite -->
</testng-results>
