<?xml version="1.0" encoding="UTF-8"?>
<testsuite xmlns:xsi="http://www.w3.org/2001/XMLSchema-instance" xsi:noNamespaceSchemaLocation="https://maven.apache.org/surefire/maven-surefire-plugin/xsd/surefire-test-report-3.0.xsd" version="3.0" name="TestSuite" time="93.302" tests="3" errors="0" skipped="0" failures="0">
  <properties>
[...]
</properties>
  <testcase name="validateTestPlansFromTextAndBanners" classname="cOVSERFOX_Test.CF_TC55_LiSTNERfaIL_Parametric_Validate_search_results_for_healthcare_plocies" time="5.617">
    <system-out><![CDATA[FATAL [main] (CF_TC55_LiSTNERfaIL_Parametric_Validate_search_results_for_healthcare_plocies.java:45)- 
 INFO [main] (CF_TC55_LiSTNERfaIL_Parametric_Validate_search_results_for_healthcare_plocies.java:47)- Launching coverfox
Launching CoverFox
 INFO [main] (CF_TC55_LiSTNERfaIL_Parametric_Validate_search_results_for_healthcare_plocies.java:59)- click on started Button
Clicking on Gender Button
 INFO [main] (CF_TC55_LiSTNERfaIL_Parametric_Validate_search_results_for_healthcare_plocies.java:62)- ckick in next button
Clicking on next Button
 INFO [main] (CF_TC55_LiSTNERfaIL_Parametric_Validate_search_results_for_healthcare_plocies.java:65)- handling age dropdown
Reading Data from Excel
Handling AgeDropDown 
 INFO [main] (CF_TC55_LiSTNERfaIL_Parametric_Validate_search_results_for_healthcare_plocies.java:67)- click on next buttton
Clicking on next Button
 WARN [main] (CF_TC55_LiSTNERfaIL_Parametric_Validate_search_results_for_healthcare_plocies.java:70)- Entering pincode
Reading Data from Excel
Entering PinCode 
 INFO [main] (CF_TC55_LiSTNERfaIL_Parametric_Validate_search_results_for_healthcare_plocies.java:72)- Entering mobile number
Reading Data from Excel
Entering MObile NO 
 INFO [main] (CF_TC55_LiSTNERfaIL_Parametric_Validate_search_results_for_healthcare_plocies.java:74)- click on ncontinue button
Clicking on Continue Button
ERROR [main] (CF_TC55_LiSTNERfaIL_Parametric_Validate_search_results_for_healthcare_plocies.java:83)- Fetching No of Details from Text
Fetching No of Details from Text
 WARN [main] (CF_TC55_LiSTNERfaIL_Parametric_Validate_search_results_for_healthcare_plocies.java:86)- Fetching No of Details from Banner
Fetching No of Details from Banner
FATAL [main] (CF_TC55_LiSTNERfaIL_Parametric_Validate_search_results_for_healthcare_plocies.java:91)- Tc is Passed
Tc is Passed
C:\Users\Prashant\eclipse-workspace\CoverFoxInsurance
431506
]]></system-out>
    <system-err><![CDATA[SLF4J(W): No SLF4J providers were found.
SLF4J(W): Defaulting to no-operation (NOP) logger implementation
SLF4J(W): See https://www.slf4j.org/codes.html#noProviders for further details.
]]></system-err>
  </testcase>
  <testcase name="ValidateerrorMsg" classname="cOVSERFOX_Test.CF_TC57_ValidatingPincodeErrorMassage" time="0.038">
    <system-out><![CDATA[Closing Browser
Launching CoverFox
Clicking on Gender Button
Clicking on next Button
Reading Data from Excel
Handling AgeDropDown 
Clicking on next Button
Reading Data from Excel
Entering MObile NO 
Clicking on Continue Button
]]></system-out>
  </testcase>
  <testcase name="validateSortPlansButton" classname="cOVSERFOX_Test.CF_TC56_Parametric_Validate_search_results_for_SortplanText" time="5.042">
    <system-out><![CDATA[Closing Browser
Launching CoverFox
Clicking on Gender Button
Clicking on next Button
Reading Data from Excel
Handling AgeDropDown 
Clicking on next Button
Reading Data from Excel
Entering PinCode 
Reading Data from Excel
Entering MObile NO 
Clicking on Continue Button
Validating sortPlanElementPresency
]]></system-out>
    <system-err><![CDATA[Jan 18, 2024 7:06:50 PM org.openqa.selenium.remote.http.WebSocket$Listener onError
WARNING: Connection reset
java.net.SocketException: Connection reset
	at java.base/sun.nio.ch.SocketChannelImpl.throwConnectionReset(SocketChannelImpl.java:401)
	at java.base/sun.nio.ch.SocketChannelImpl.read(SocketChannelImpl.java:434)
	at java.net.http/jdk.internal.net.http.SocketTube.readAvailable(SocketTube.java:1178)
	at java.net.http/jdk.internal.net.http.SocketTube$InternalReadPublisher$InternalReadSubscription.read(SocketTube.java:841)
	at java.net.http/jdk.internal.net.http.SocketTube$SocketFlowTask.run(SocketTube.java:181)
	at java.net.http/jdk.internal.net.http.common.SequentialScheduler$SchedulableTask.run(SequentialScheduler.java:230)
	at java.net.http/jdk.internal.net.http.common.SequentialScheduler.runOrSchedule(SequentialScheduler.java:303)
	at java.net.http/jdk.internal.net.http.common.SequentialScheduler.runOrSchedule(SequentialScheduler.java:256)
	at java.net.http/jdk.internal.net.http.SocketTube$InternalReadPublisher$InternalReadSubscription.signalReadable(SocketTube.java:782)
	at java.net.http/jdk.internal.net.http.SocketTube$InternalReadPublisher$ReadEvent.signalEvent(SocketTube.java:965)
	at java.net.http/jdk.internal.net.http.SocketTube$SocketFlowEvent.handle(SocketTube.java:253)
	at java.net.http/jdk.internal.net.http.HttpClientImpl$SelectorManager.handleEvent(HttpClientImpl.java:1337)
	at java.net.http/jdk.internal.net.http.HttpClientImpl$SelectorManager.lambda$run$3(HttpClientImpl.java:1282)
	at java.base/java.util.ArrayList.forEach(ArrayList.java:1511)
	at java.net.http/jdk.internal.net.http.HttpClientImpl$SelectorManager.run(HttpClientImpl.java:1282)

]]></system-err>
  </testcase>
</testsuite>